=== MERLION ===
После фильтра (g1='Периферия и аксессуары', g2='Принтеры'):
  Всего: 269 строк
  Уникальные значения G3 (Группа 3):
     108  «МФУ лазерные»
      58  «Термопринтеры»
      50  «Лазерные»
      38  «МФУ струйные»
       9  «Струйные»
       3  «Мини-Фото-принтеры»
       2  «Матричные»
       1  «»

=== OCS ===
После фильтра (cat_b in {Принтеры, МФУ}):
  Всего: 470 строк
  Распределение по B (Категория):
     336  «МФУ»
     134  «Принтеры»
  Распределение по C (Тип) внутри них:
     285  «МФУ лазерные»
     128  «Принтеры лазерные»
      51  «МФУ струйные»
       4  «Принтеры струйные»
       2  «Принтеры матричные»
  Пары (B, C):
     285  B=«МФУ» C=«МФУ лазерные»
     128  B=«Принтеры» C=«Принтеры лазерные»
      51  B=«МФУ» C=«МФУ струйные»
       4  B=«Принтеры» C=«Принтеры струйные»
       2  B=«Принтеры» C=«Принтеры матричные»

=== TREOLAN ===
После фильтра (путь начинается с одного из printer-prefixes):
  Всего: 171 строк
  Уникальные пути:
      74  «Принтеры, сканеры, МФУ->МФУ->МФУ лазерные/светодиодные/электрографические->Монохромные»
      43  «Принтеры, сканеры, МФУ->Принтеры->Принтеры лазерные/светодиодные/электрографические->Монохромные»
      37  «Принтеры, сканеры, МФУ->МФУ->МФУ лазерные/светодиодные/электрографические->Цветные»
       7  «Принтеры, сканеры, МФУ->Широкоформатные Принтеры/Плоттеры»
       5  «Принтеры, сканеры, МФУ->Принтеры->Принтеры лазерные/светодиодные/электрографические->Цветные»
       3  «Принтеры, сканеры, МФУ->МФУ->МФУ Струйные->Цветные»
       2  «Принтеры, сканеры, МФУ->Широкоформатные МФУ»

=== RESURS-MEDIA ===
После фильтра (B='Печатная техника'):
  Всего: 322 строк
  Headers row 2 (для контекста колонок):
    [0] с/н
    [1] Тип продукции
    [2] Производитель
    [3] Артикул
    [4] Артикул производителя
    [5] Номенклатура
    [6] Обьем,м3
    [7] Вес,кг
    [8] Цена, у.е.
    [9] Цена, руб
    [10] Доступно Москва
    [11] Факт Москва
    [12] Ожидается Москва
  Колонка A (col 0) — может быть подкатегорией:
     292  «»
      15  «с»
      15  «н»
  Первое слово имени модели (топ-15):
      95  «МФУ»
      50  «Принтер»
      19  «Тумба»
      17  «Цветное»
      14  «Комплект»
      14  «Плоттер»
      13  «Сканер»
       9  «Лазерное»
       8  «Автоподатчик»
       7  «Фабрика»
       5  «Цветной»
       4  «Дополнительный»
       4  «Лоток»
       4  «Модуль»
       3  «Kyocera»
